<?xml version="1.0" encoding="UTF-8"?>
<!-- Generated by org.testng.reporters.JUnitReportReporter -->
<testsuite name="com.peerxp.test.creatw" tests="1" time="0.030" ignored="0" failures="0" timestamp="18 Dec 2020 10:28:51 GMT" skipped="0" hostname="DESKTOP-P89GF0U" errors="0">
  <testcase name="createcustomer" time="0.030" classname="com.peerxp.test.creatw"/>
</testsuite> <!-- com.peerxp.test.creatw -->
