<?xml version="1.0" encoding="UTF-8"?>
<!-- Generated by org.testng.reporters.JUnitReportReporter -->
<testsuite name="com.peerxp.test.create" tests="1" time="0.000" ignored="0" failures="0" timestamp="18 Dec 2020 10:38:09 GMT" skipped="1" hostname="DESKTOP-P89GF0U" errors="0">
  <testcase name="Login" time="0.000" classname="com.peerxp.test.create">
    <skipped/>
  </testcase> <!-- Login -->
</testsuite> <!-- com.peerxp.test.create -->
