<?xml version="1.0" encoding="UTF-8"?>
<!-- Generated by org.testng.reporters.JUnitReportReporter -->
<testsuite name="com.peerxp.test.Logintest" tests="1" time="0.000" ignored="0" failures="0" timestamp="20 Dec 2020 03:49:30 GMT" skipped="1" hostname="DESKTOP-P89GF0U" errors="0">
  <testcase name="test" time="0.000" classname="com.peerxp.test.Logintest">
    <skipped/>
  </testcase> <!-- test -->
</testsuite> <!-- com.peerxp.test.Logintest -->
