<?xml version="1.0" encoding="UTF-8"?>
<!-- Generated by org.testng.reporters.JUnitReportReporter -->
<testsuite skipped="0" hostname="DESKTOP-P89GF0U" name="com.Actitime.test.Demo" tests="1" failures="0" timestamp="24 May 2020 05:37:55 GMT" time="28.573" errors="0">
  <testcase name="createcustomer" time="28.573" classname="com.Actitime.test.Demo"/>
</testsuite> <!-- com.Actitime.test.Demo -->
