<?xml version="1.0" encoding="UTF-8"?>
<!-- Generated by org.testng.reporters.JUnitReportReporter -->
<testsuite skipped="0" hostname="DESKTOP-P89GF0U" name="com.Actitime.test.CreateCustomer" tests="1" failures="0" timestamp="01 May 2020 07:58:01 GMT" time="62.628" errors="0">
  <testcase name="testCreateCustomer" time="62.628" classname="com.Actitime.test.CreateCustomer"/>
</testsuite> <!-- com.Actitime.test.CreateCustomer -->
